#
# A fatal error has been detected by the Java Runtime Environment:
#
#  EXCEPTION_ACCESS_VIOLATION (0xc0000005) at pc=0x000000005431f9b0, pid=4224, tid=0x0000000000001fb0
#
# JRE version: Java(TM) SE Runtime Environment (8.0_131-b11) (build 1.8.0_131-b11)
# Java VM: Java HotSpot(TM) 64-Bit Server VM (25.131-b11 mixed mode windows-amd64 compressed oops)
# Problematic frame:
# C  [nvoglv64.DLL+0xf9f9b0]
#
# Failed to write core dump. Minidumps are not enabled by default on client versions of Windows
#
# If you would like to submit a bug report, please visit:
#   http://bugreport.java.com/bugreport/crash.jsp
# The crash happened outside the Java Virtual Machine in native code.
# See problematic frame for where to report the bug.
#

---------------  T H R E A D  ---------------

Current thread (0x0000000002833800):  JavaThread "main" [_thread_in_native, id=8112, stack(0x00000000026d0000,0x00000000027d0000)]

siginfo: ExceptionCode=0xc0000005, reading address 0x0000000000000000

Registers:
RAX=0x0000000000000030, RBX=0x0000000020257aa8, RCX=0x0000000021f0a150, RDX=0xffffffffde0f5eb0
RSP=0x00000000027cf468, RBP=0x0000000000000001, RSI=0x0000000000000003, RDI=0x0000000021f0a150
R8 =0x0000000000000030, R9 =0x0000000000000003, R10=0x0000000000000000, R11=0x0000000021f0a150
R12=0x0000000000000000, R13=0x0000000053380000, R14=0x0000000000000000, R15=0x0000000020257828
RIP=0x000000005431f9b0, EFLAGS=0x0000000000010283

Top of Stack: (sp=0x00000000027cf468)
0x00000000027cf468:   0000000053e83b1a 000000001befae08
0x00000000027cf478:   00000000027cf5c0 00000000027de780
0x00000000027cf488:   0000000053d2244b 0000000002833800
0x00000000027cf498:   0000000000000003 0000000000000000
0x00000000027cf4a8:   000000000002010b 0000000020257828
0x00000000027cf4b8:   0000000053e84902 0000000020257080
0x00000000027cf4c8:   0000000000000004 0000000000000000
0x00000000027cf4d8:   0000000002947e06 0000000002833800
0x00000000027cf4e8:   00000000027cf5c0 000000001befae08
0x00000000027cf4f8:   0000000000000000 000000000293835d
0x00000000027cf508:   0000000002947f74 000000001befae08
0x00000000027cf518:   00000000027cf590 000000001f25c280
0x00000000027cf528:   000000001befae08 0000000000000003
0x00000000027cf538:   0000000002833800 00000000027cf648
0x00000000027cf548:   0000000002947ca2 00000000027cf550
0x00000000027cf558:   000000001befae08 00000000027cf5c0 

Instructions: (pc=0x000000005431f9b0)
0x000000005431f990:   29 41 c0 0f 29 49 d0 0f 10 44 0a e0 0f 10 4c 0a
0x000000005431f9a0:   f0 75 ad 0f 29 41 e0 49 83 e0 7f 0f 28 c1 eb 0c
0x000000005431f9b0:   0f 10 04 0a 48 83 c1 10 49 83 e8 10 4d 8b c8 49
0x000000005431f9c0:   c1 e9 04 74 1c 66 66 66 0f 1f 84 00 00 00 00 00 


Register to memory mapping:

RAX=0x0000000000000030 is an unknown value
RBX=0x0000000020257aa8 is an unknown value
RCX=0x0000000021f0a150 is an unknown value
RDX=0xffffffffde0f5eb0 is an unknown value
RSP=0x00000000027cf468 is pointing into the stack for thread: 0x0000000002833800
RBP=0x0000000000000001 is an unknown value
RSI=0x0000000000000003 is an unknown value
RDI=0x0000000021f0a150 is an unknown value
R8 =0x0000000000000030 is an unknown value
R9 =0x0000000000000003 is an unknown value
R10=0x0000000000000000 is an unknown value
R11=0x0000000021f0a150 is an unknown value
R12=0x0000000000000000 is an unknown value
R13=0x0000000053380000 is an unknown value
R14=0x0000000000000000 is an unknown value
R15=0x0000000020257828 is an unknown value


Stack: [0x00000000026d0000,0x00000000027d0000],  sp=0x00000000027cf468,  free space=1021k
Native frames: (J=compiled Java code, j=interpreted, Vv=VM code, C=native code)
C  [nvoglv64.DLL+0xf9f9b0]
C  [nvoglv64.DLL+0xb03b1a]
C  [nvoglv64.DLL+0xb04902]
C  0x0000000002947f74

Java frames: (J=compiled Java code, j=interpreted, Vv=VM code)
j  org.lwjgl.opengl.GL11.glDrawArrays(III)V+0
j  renderers.EntityRenderer.render()V+135
j  renderers.RenderManager.render()V+25
j  test.Main.main([Ljava/lang/String;)V+205
v  ~StubRoutines::call_stub

---------------  P R O C E S S  ---------------

Java Threads: ( => current thread )
  0x000000001e33d800 JavaThread "Service Thread" daemon [_thread_blocked, id=14104, stack(0x000000001ee60000,0x000000001ef60000)]
  0x000000001e2ae000 JavaThread "C1 CompilerThread3" daemon [_thread_blocked, id=1708, stack(0x000000001ed60000,0x000000001ee60000)]
  0x000000001e2a5000 JavaThread "C2 CompilerThread2" daemon [_thread_blocked, id=9416, stack(0x000000001ec60000,0x000000001ed60000)]
  0x000000001e2a2000 JavaThread "C2 CompilerThread1" daemon [_thread_blocked, id=16956, stack(0x000000001eb60000,0x000000001ec60000)]
  0x000000001e29e800 JavaThread "C2 CompilerThread0" daemon [_thread_blocked, id=3760, stack(0x000000001ea60000,0x000000001eb60000)]
  0x000000001c3ae000 JavaThread "Attach Listener" daemon [_thread_blocked, id=10668, stack(0x000000001e960000,0x000000001ea60000)]
  0x000000001c3ad000 JavaThread "Signal Dispatcher" daemon [_thread_blocked, id=9404, stack(0x000000001e860000,0x000000001e960000)]
  0x000000001e290800 JavaThread "Finalizer" daemon [_thread_blocked, id=6604, stack(0x000000001e670000,0x000000001e770000)]
  0x000000000292b000 JavaThread "Reference Handler" daemon [_thread_blocked, id=1832, stack(0x000000001e170000,0x000000001e270000)]
=>0x0000000002833800 JavaThread "main" [_thread_in_native, id=8112, stack(0x00000000026d0000,0x00000000027d0000)]

Other Threads:
  0x000000001c399800 VMThread [stack: 0x000000001e070000,0x000000001e170000] [id=9136]
  0x000000001e371000 WatcherThread [stack: 0x000000001ef60000,0x000000001f060000] [id=8680]

VM state:not at safepoint (normal execution)

VM Mutex/Monitor currently owned by a thread: None

Heap:
 PSYoungGen      total 76288K, used 19704K [0x000000076b100000, 0x0000000770600000, 0x00000007c0000000)
  eden space 65536K, 30% used [0x000000076b100000,0x000000076c43e3d8,0x000000076f100000)
  from space 10752K, 0% used [0x000000076fb80000,0x000000076fb80000,0x0000000770600000)
  to   space 10752K, 0% used [0x000000076f100000,0x000000076f100000,0x000000076fb80000)
 ParOldGen       total 175104K, used 0K [0x00000006c1200000, 0x00000006cbd00000, 0x000000076b100000)
  object space 175104K, 0% used [0x00000006c1200000,0x00000006c1200000,0x00000006cbd00000)
 Metaspace       used 10005K, capacity 10181K, committed 10496K, reserved 1058816K
  class space    used 853K, capacity 938K, committed 1024K, reserved 1048576K

Card table byte_map: [0x0000000011cf0000,0x00000000124f0000] byte_map_base: 0x000000000e6e7000

Marking Bits: (ParMarkBitMap*) 0x0000000055e3c720
 Begin Bits: [0x0000000013240000, 0x00000000171f8000)
 End Bits:   [0x00000000171f8000, 0x000000001b1b0000)

Polling page: 0x0000000000ea0000

CodeCache: size=245760Kb used=2940Kb max_used=2940Kb free=242819Kb
 bounds [0x0000000002930000, 0x0000000002c20000, 0x0000000011930000]
 total_blobs=1554 nmethods=677 adapters=790
 compilation: enabled

Compilation events (10 events):
Event: 1.203 Thread 0x000000001e2ae000  673       3       sun.misc.URLClassPath$JarLoader$2::getManifest (11 bytes)
Event: 1.203 Thread 0x000000001e2ae000 nmethod 673 0x0000000002c0d710 code [0x0000000002c0d880, 0x0000000002c0dac8]
Event: 1.203 Thread 0x000000001e2ae000  674       3       sun.misc.URLClassPath$JarLoader$2::getContentLength (9 bytes)
Event: 1.203 Thread 0x000000001e2ae000 nmethod 674 0x0000000002c0dbd0 code [0x0000000002c0dd40, 0x0000000002c0df90]
Event: 1.203 Thread 0x000000001e2ae000  675       3       java.lang.ClassLoader::compareCerts (149 bytes)
Event: 1.204 Thread 0x000000001e2ae000 nmethod 675 0x0000000002c0e050 code [0x0000000002c0e220, 0x0000000002c0ead8]
Event: 1.205 Thread 0x000000001e2ae000  676       3       java.util.Objects::requireNonNull (15 bytes)
Event: 1.205 Thread 0x000000001e2ae000 nmethod 676 0x0000000002c0efd0 code [0x0000000002c0f140, 0x0000000002c0f368]
Event: 1.205 Thread 0x000000001e2ae000  677   !   3       sun.misc.URLClassPath$JarLoader::checkResource (55 bytes)
Event: 1.206 Thread 0x000000001e2ae000 nmethod 677 0x0000000002c0f450 code [0x0000000002c0f600, 0x0000000002c0fc68]

GC Heap History (0 events):
No events

Deoptimization events (0 events):
No events

Internal exceptions (10 events):
Event: 0.016 Thread 0x0000000002833800 Exception <a 'java/lang/NoSuchMethodError': Method sun.misc.Unsafe.prefetchRead(Ljava/lang/Object;J)V name or signature does not match> (0x000000076b107f90) thrown at [C:\re\workspace\8-2-build-windows-amd64-cygwin\jdk8u131\8869\hotspot\src\share\vm\prims
Event: 0.071 Thread 0x0000000002833800 Exception <a 'java/lang/NoSuchMethodError': java.lang.Object.lambda$static$0(Ljava/lang/String;)Ljava/lang/Boolean;> (0x000000076b3d5e30) thrown at [C:\re\workspace\8-2-build-windows-amd64-cygwin\jdk8u131\8869\hotspot\src\share\vm\interpreter\linkResolver
Event: 0.078 Thread 0x0000000002833800 Exception <a 'java/lang/NoSuchFieldError': method resolution failed> (0x000000076b44dc48) thrown at [C:\re\workspace\8-2-build-windows-amd64-cygwin\jdk8u131\8869\hotspot\src\share\vm\prims\methodHandles.cpp, line 1146]
Event: 0.079 Thread 0x0000000002833800 Exception <a 'java/lang/NoSuchFieldError': method resolution failed> (0x000000076b45b048) thrown at [C:\re\workspace\8-2-build-windows-amd64-cygwin\jdk8u131\8869\hotspot\src\share\vm\prims\methodHandles.cpp, line 1146]
Event: 0.104 Thread 0x0000000002833800 Exception <a 'java/security/PrivilegedActionException'> (0x000000076b59fb98) thrown at [C:\re\workspace\8-2-build-windows-amd64-cygwin\jdk8u131\8869\hotspot\src\share\vm\prims\jvm.cpp, line 1390]
Event: 0.104 Thread 0x0000000002833800 Exception <a 'java/security/PrivilegedActionException'> (0x000000076b59fda8) thrown at [C:\re\workspace\8-2-build-windows-amd64-cygwin\jdk8u131\8869\hotspot\src\share\vm\prims\jvm.cpp, line 1390]
Event: 0.105 Thread 0x0000000002833800 Exception <a 'java/security/PrivilegedActionException'> (0x000000076b5a3a18) thrown at [C:\re\workspace\8-2-build-windows-amd64-cygwin\jdk8u131\8869\hotspot\src\share\vm\prims\jvm.cpp, line 1390]
Event: 0.105 Thread 0x0000000002833800 Exception <a 'java/security/PrivilegedActionException'> (0x000000076b5a3c28) thrown at [C:\re\workspace\8-2-build-windows-amd64-cygwin\jdk8u131\8869\hotspot\src\share\vm\prims\jvm.cpp, line 1390]
Event: 1.015 Thread 0x0000000002833800 Exception <a 'sun/nio/fs/WindowsException'> (0x000000076b80a998) thrown at [C:\re\workspace\8-2-build-windows-amd64-cygwin\jdk8u131\8869\hotspot\src\share\vm\prims\jni.cpp, line 709]
Event: 1.016 Thread 0x0000000002833800 Exception <a 'sun/nio/fs/WindowsException'> (0x000000076b80b180) thrown at [C:\re\workspace\8-2-build-windows-amd64-cygwin\jdk8u131\8869\hotspot\src\share\vm\prims\jni.cpp, line 709]

Events (10 events):
Event: 1.205 loading class org/joml/Vector2ic
Event: 1.205 loading class org/joml/Vector2ic done
Event: 1.205 loading class org/joml/Quaternionf
Event: 1.205 loading class org/joml/Quaternionf done
Event: 1.206 loading class org/joml/Quaternionfc
Event: 1.206 loading class org/joml/Quaternionfc done
Event: 1.208 loading class org/joml/Math
Event: 1.208 loading class org/joml/Math done
Event: 1.208 loading class utilities/MatrixUtils
Event: 1.208 loading class utilities/MatrixUtils done


Dynamic libraries:
0x00007ff684bd0000 - 0x00007ff684c07000 	C:\Program Files\Java\jre1.8.0_131\bin\javaw.exe
0x00007ffba5b60000 - 0x00007ffba5d3b000 	C:\WINDOWS\SYSTEM32\ntdll.dll
0x00007ffba3910000 - 0x00007ffba39be000 	C:\WINDOWS\System32\KERNEL32.DLL
0x00007ffba20d0000 - 0x00007ffba2319000 	C:\WINDOWS\System32\KERNELBASE.dll
0x00007ffba0680000 - 0x00007ffba06fe000 	C:\WINDOWS\SYSTEM32\apphelp.dll
0x00007ffba5680000 - 0x00007ffba5721000 	C:\WINDOWS\System32\ADVAPI32.dll
0x00007ffba30d0000 - 0x00007ffba316d000 	C:\WINDOWS\System32\msvcrt.dll
0x00007ffba38b0000 - 0x00007ffba3909000 	C:\WINDOWS\System32\sechost.dll
0x00007ffba3b70000 - 0x00007ffba3c95000 	C:\WINDOWS\System32\RPCRT4.dll
0x00007ffba5a10000 - 0x00007ffba5b5a000 	C:\WINDOWS\System32\USER32.dll
0x00007ffba25f0000 - 0x00007ffba260e000 	C:\WINDOWS\System32\win32u.dll
0x00007ffba3370000 - 0x00007ffba3397000 	C:\WINDOWS\System32\GDI32.dll
0x00007ffba2f30000 - 0x00007ffba30b8000 	C:\WINDOWS\System32\gdi32full.dll
0x00007ffba2e20000 - 0x00007ffba2eba000 	C:\WINDOWS\System32\msvcp_win.dll
0x00007ffba2320000 - 0x00007ffba2416000 	C:\WINDOWS\System32\ucrtbase.dll
0x00007ffb97200000 - 0x00007ffb97467000 	C:\WINDOWS\WinSxS\amd64_microsoft.windows.common-controls_6595b64144ccf1df_6.0.15063.483_none_26002d27e7c744a2\COMCTL32.dll
0x00007ffba3e80000 - 0x00007ffba4179000 	C:\WINDOWS\System32\combase.dll
0x00007ffba2ec0000 - 0x00007ffba2f2a000 	C:\WINDOWS\System32\bcryptPrimitives.dll
0x00007ffba59e0000 - 0x00007ffba5a0d000 	C:\WINDOWS\System32\IMM32.DLL
0x0000000055ec0000 - 0x0000000055f92000 	C:\Program Files\Java\jre1.8.0_131\bin\msvcr100.dll
0x0000000055620000 - 0x0000000055ebc000 	C:\Program Files\Java\jre1.8.0_131\bin\server\jvm.dll
0x00007ffba4180000 - 0x00007ffba4188000 	C:\WINDOWS\System32\PSAPI.DLL
0x00007ffba0490000 - 0x00007ffba04b3000 	C:\WINDOWS\SYSTEM32\WINMM.dll
0x00007ffb90620000 - 0x00007ffb90629000 	C:\WINDOWS\SYSTEM32\WSOCK32.dll
0x00007ffb9dcb0000 - 0x00007ffb9dcba000 	C:\WINDOWS\SYSTEM32\VERSION.dll
0x00007ffba33a0000 - 0x00007ffba340c000 	C:\WINDOWS\System32\WS2_32.dll
0x00007ffba0430000 - 0x00007ffba045b000 	C:\WINDOWS\SYSTEM32\winmmbase.dll
0x00007ffba2080000 - 0x00007ffba20c9000 	C:\WINDOWS\System32\cfgmgr32.dll
0x0000000055610000 - 0x000000005561f000 	C:\Program Files\Java\jre1.8.0_131\bin\verify.dll
0x00000000555e0000 - 0x0000000055609000 	C:\Program Files\Java\jre1.8.0_131\bin\java.dll
0x00000000555c0000 - 0x00000000555d6000 	C:\Program Files\Java\jre1.8.0_131\bin\zip.dll
0x00007ffba4240000 - 0x00007ffba5676000 	C:\WINDOWS\System32\SHELL32.dll
0x00007ffba4190000 - 0x00007ffba423a000 	C:\WINDOWS\System32\shcore.dll
0x00007ffba2720000 - 0x00007ffba2e13000 	C:\WINDOWS\System32\windows.storage.dll
0x00007ffba3b10000 - 0x00007ffba3b61000 	C:\WINDOWS\System32\shlwapi.dll
0x00007ffba1fd0000 - 0x00007ffba1fe1000 	C:\WINDOWS\System32\kernel.appcore.dll
0x00007ffba1ff0000 - 0x00007ffba203c000 	C:\WINDOWS\System32\powrprof.dll
0x00007ffba2060000 - 0x00007ffba2075000 	C:\WINDOWS\System32\profapi.dll
0x00000000555a0000 - 0x00000000555ba000 	C:\Program Files\Java\jre1.8.0_131\bin\net.dll
0x00007ffba18e0000 - 0x00007ffba193c000 	C:\WINDOWS\system32\mswsock.dll
0x0000000055580000 - 0x0000000055591000 	C:\Program Files\Java\jre1.8.0_131\bin\nio.dll
0x00007ffb9d260000 - 0x00007ffb9d2b7000 	C:\Users\Haxic\AppData\Local\Temp\lwjglHaxic\3.1.2-build-29\lwjgl.dll
0x00007ffb9d220000 - 0x00007ffb9d25d000 	C:\Users\Haxic\AppData\Local\Temp\lwjglHaxic\3.1.2-build-29\glfw.dll
0x00007ffba0850000 - 0x00007ffba08e5000 	C:\WINDOWS\system32\uxtheme.dll
0x00007ffb8a610000 - 0x00007ffb8a652000 	C:\WINDOWS\SYSTEM32\dinput8.dll
0x00007ffb9d350000 - 0x00007ffb9d35e000 	C:\WINDOWS\SYSTEM32\xinput1_4.dll
0x00007ffba0bd0000 - 0x00007ffba0bf8000 	C:\WINDOWS\SYSTEM32\DEVOBJ.dll
0x00007ffb9f0b0000 - 0x00007ffb9f0da000 	C:\WINDOWS\SYSTEM32\dwmapi.dll
0x00007ffba3ca0000 - 0x00007ffba3e06000 	C:\WINDOWS\System32\MSCTF.dll
0x00007ffba3170000 - 0x00007ffba3230000 	C:\WINDOWS\System32\OLEAUT32.dll
0x00007ffba0e90000 - 0x00007ffba0e9d000 	C:\WINDOWS\SYSTEM32\HID.DLL
0x00007ffba3410000 - 0x00007ffba384b000 	C:\WINDOWS\System32\SETUPAPI.DLL
0x00007ffba2610000 - 0x00007ffba2666000 	C:\WINDOWS\System32\WINTRUST.dll
0x00007ffba2040000 - 0x00007ffba2051000 	C:\WINDOWS\System32\MSASN1.dll
0x00007ffba2420000 - 0x00007ffba25e9000 	C:\WINDOWS\System32\CRYPT32.dll
0x00007ffb8a0f0000 - 0x00007ffb8a211000 	C:\WINDOWS\SYSTEM32\opengl32.dll
0x00007ffb9d1f0000 - 0x00007ffb9d21c000 	C:\WINDOWS\SYSTEM32\GLU32.dll
0x0000000053380000 - 0x000000005557a000 	C:\WINDOWS\SYSTEM32\nvoglv64.DLL
0x00007ffb9ed00000 - 0x00007ffb9ed13000 	C:\WINDOWS\SYSTEM32\WTSAPI32.dll
0x00007ffba11e0000 - 0x00007ffba1211000 	C:\WINDOWS\SYSTEM32\ntmarta.dll
0x00007ffb983b0000 - 0x00007ffb9858c000 	C:\WINDOWS\system32\nvspcap64.dll
0x00007ffba39c0000 - 0x00007ffba3b05000 	C:\WINDOWS\System32\ole32.dll
0x00007ffb98200000 - 0x00007ffb982d7000 	C:\WINDOWS\SYSTEM32\WINHTTP.dll
0x00007ffb97b00000 - 0x00007ffb97f21000 	C:\WINDOWS\system32\nvapi64.dll
0x00007ffba0f20000 - 0x00007ffba0fc4000 	C:\WINDOWS\SYSTEM32\dxgi.dll
0x00007ffba32d0000 - 0x00007ffba336e000 	C:\WINDOWS\System32\clbcatq.dll
0x00007ffba1e30000 - 0x00007ffba1eca000 	C:\WINDOWS\SYSTEM32\sxs.dll
0x00007ffba1250000 - 0x00007ffba12a5000 	C:\WINDOWS\SYSTEM32\WINSTA.dll
0x00007ffb9c6c0000 - 0x00007ffb9c742000 	C:\WINDOWS\System32\TextInputFramework.dll
0x00007ffb9d690000 - 0x00007ffb9d962000 	C:\WINDOWS\System32\CoreUIComponents.dll
0x00007ffb9ff50000 - 0x00007ffba0033000 	C:\WINDOWS\System32\CoreMessaging.dll
0x00007ffb9e3d0000 - 0x00007ffb9e509000 	C:\WINDOWS\SYSTEM32\wintypes.dll
0x00007ffb9f060000 - 0x00007ffb9f075000 	C:\WINDOWS\SYSTEM32\usermgrcli.dll
0x00007ffb8a090000 - 0x00007ffb8a0ec000 	C:\Users\Haxic\AppData\Local\Temp\lwjglHaxic\3.1.2-build-29\lwjgl_opengl.dll
0x00007ffb8a050000 - 0x00007ffb8a08c000 	C:\Users\Haxic\AppData\Local\Temp\lwjglHaxic\3.1.2-build-29\jemalloc.dll
0x00007ffb95940000 - 0x00007ffb95ae9000 	C:\WINDOWS\SYSTEM32\dbghelp.dll

VM Arguments:
jvm_args: -Dfile.encoding=Cp1252 
java_command: test.Main
java_class_path (initial): C:\javaworkspace\Heavy Space\bin;C:\Eclipse\eclipse\JOML-1.9.4\joml-1.9.4.jar;C:\Eclipse\eclipse\lwjgl-3.1.2\lwjgl natives\lwjgl.jar;C:\Eclipse\eclipse\lwjgl-3.1.2\lwjgl natives\lwjgl-assimp.jar;C:\Eclipse\eclipse\lwjgl-3.1.2\lwjgl natives\lwjgl-assimp-natives-linux.jar;C:\Eclipse\eclipse\lwjgl-3.1.2\lwjgl natives\lwjgl-assimp-natives-macos.jar;C:\Eclipse\eclipse\lwjgl-3.1.2\lwjgl natives\lwjgl-assimp-natives-windows.jar;C:\Eclipse\eclipse\lwjgl-3.1.2\lwjgl natives\lwjgl-bgfx.jar;C:\Eclipse\eclipse\lwjgl-3.1.2\lwjgl natives\lwjgl-bgfx-natives-linux.jar;C:\Eclipse\eclipse\lwjgl-3.1.2\lwjgl natives\lwjgl-bgfx-natives-macos.jar;C:\Eclipse\eclipse\lwjgl-3.1.2\lwjgl natives\lwjgl-bgfx-natives-windows.jar;C:\Eclipse\eclipse\lwjgl-3.1.2\lwjgl natives\lwjgl-egl.jar;C:\Eclipse\eclipse\lwjgl-3.1.2\lwjgl natives\lwjgl-glfw.jar;C:\Eclipse\eclipse\lwjgl-3.1.2\lwjgl natives\lwjgl-glfw-natives-linux.jar;C:\Eclipse\eclipse\lwjgl-3.1.2\lwjgl natives\lwjgl-glfw-natives-macos.jar;C:\Eclipse\eclipse\lwjgl-3.1.2\lwjgl natives\lwjgl-glfw-natives-windows.jar;C:\Eclipse\eclipse\lwjgl-3.1.2\lwjgl natives\lwjgl-jawt.jar;C:\Eclipse\eclipse\lwjgl-3.1.2\lwjgl natives\lwjgl-jemalloc.jar;C:\Eclipse\eclipse\lwjgl-3.1.2\lwjgl natives\lwjgl-jemalloc-natives-linux.jar;C:\Eclipse\eclipse\lwjgl-3.1.2\lwjgl natives\lwjgl-jemalloc-natives-macos.jar;C:\Eclipse\eclipse\lwjgl-3.1.2\lwjgl natives\lwjgl-jemalloc-natives-windows.jar;C:\Eclipse\eclipse\lwjgl-3.1.2\lwjgl natives\lwjgl-lmdb.jar;C:\Eclipse\eclipse\lwjgl-3.1.2\lwjgl natives\lwjgl-lmdb-natives-linux.jar;C:\Eclipse\eclipse\lwjgl-3.1.2\lwjgl natives\lwjgl-lmdb-natives-macos.jar;C:\Eclipse\eclipse\lwjgl-3.1.2\lwjgl natives\lwjgl-lmdb-natives-windows.jar;C:\Eclipse\eclipse\lwjgl-3.1.2\lwjgl natives\lwjgl-nanovg.jar;C:\Eclipse\eclipse\lwjgl-3.1.2\lwjgl natives\lwjgl-nanovg-natives-linux.jar;C:\Eclipse\eclipse\lwjgl-3.1.2\lwjgl natives\lwjgl-nanovg-natives-macos.jar;C:\Eclipse\eclipse\lwjgl-3.1.2\lwjgl natives\lwjgl-nanovg-nat
Launcher Type: SUN_STANDARD

Environment Variables:
PATH=C:/Program Files/Java/jre1.8.0_144/bin/server;C:/Program Files/Java/jre1.8.0_144/bin;C:/Program Files/Java/jre1.8.0_144/lib/amd64;C:\ProgramData\Oracle\Java\javapath;C:\Windows\system32;C:\Windows;C:\Windows\System32\Wbem;C:\Windows\System32\WindowsPowerShell\v1.0\;C:\Program Files (x86)\Skype\Phone\;C:\Program Files (x86)\NVIDIA Corporation\PhysX\Common;C:\WINDOWS\system32;C:\WINDOWS;C:\WINDOWS\System32\Wbem;C:\WINDOWS\System32\WindowsPowerShell\v1.0\;C:\Program Files (x86)\sbt\bin;C:\Users\Haxic\AppData\Local\Microsoft\WindowsApps;C:\eclipse;
USERNAME=Haxic
OS=Windows_NT
PROCESSOR_IDENTIFIER=Intel64 Family 6 Model 94 Stepping 3, GenuineIntel



---------------  S Y S T E M  ---------------

OS: Windows 10.0 , 64 bit Build 15063 (10.0.15063.296)

CPU:total 8 (initial active 8) (4 cores per cpu, 2 threads per core) family 6 model 94 stepping 3, cmov, cx8, fxsr, mmx, sse, sse2, sse3, ssse3, sse4.1, sse4.2, popcnt, avx, avx2, aes, clmul, erms, rtm, 3dnowpref, lzcnt, ht, tsc, tscinvbit, bmi1, bmi2, adx

Memory: 4k page, physical 16700392k(10556180k free), swap 19190760k(9793748k free)

vm_info: Java HotSpot(TM) 64-Bit Server VM (25.131-b11) for windows-amd64 JRE (1.8.0_131-b11), built on Mar 15 2017 01:23:53 by "java_re" with MS VC++ 10.0 (VS2010)

time: Wed Oct 04 02:02:48 2017
elapsed time: 1 seconds (0d 0h 0m 1s)

