#
# A fatal error has been detected by the Java Runtime Environment:
#
#  EXCEPTION_ACCESS_VIOLATION (0xc0000005) at pc=0x00000000575c1257, pid=8444, tid=0x00000000000027f4
#
# JRE version: Java(TM) SE Runtime Environment (8.0_131-b11) (build 1.8.0_131-b11)
# Java VM: Java HotSpot(TM) 64-Bit Server VM (25.131-b11 mixed mode windows-amd64 compressed oops)
# Problematic frame:
# C  [nvoglv64.DLL+0xb81257]
#
# Failed to write core dump. Minidumps are not enabled by default on client versions of Windows
#
# If you would like to submit a bug report, please visit:
#   http://bugreport.java.com/bugreport/crash.jsp
# The crash happened outside the Java Virtual Machine in native code.
# See problematic frame for where to report the bug.
#

---------------  T H R E A D  ---------------

Current thread (0x00000000023e3800):  JavaThread "main" [_thread_in_native, id=10228, stack(0x0000000002220000,0x0000000002320000)]

siginfo: ExceptionCode=0xc0000005, reading address 0x0000000000000000

Registers:
RAX=0x0000000000000023, RBX=0x0000000000000000, RCX=0x0000aa3d6d2f880a, RDX=0x0000009b236e7482
RSP=0x000000000231f2c0, RBP=0x000000001fdd8080, RSI=0x0000000000000024, RDI=0x0000000000000024
R8 =0x0000000000007537, R9 =0x0000000000000000, R10=0x0000000000000006, R11=0x0000000058fdbd80
R12=0x0000000000000000, R13=0x0000000000000023, R14=0x0000000000000000, R15=0x0000000000001405
RIP=0x00000000575c1257, EFLAGS=0x0000000000010246

Top of Stack: (sp=0x000000000231f2c0)
0x000000000231f2c0:   0000000000000004 0000000000000000
0x000000000231f2d0:   0000000000000000 00000000023e3800
0x000000000231f2e0:   0000000000000000 000000000231f4b8
0x000000000231f2f0:   0000000000000000 0000000000000000
0x000000000231f300:   000000000231f300 0000000000000000
0x000000000231f310:   000000001fdda7e0 00007ffcfaeae950
0x000000000231f320:   0000000000001405 00000000023e3800
0x000000000231f330:   0000000000000000 0000000000000004
0x000000000231f340:   000000001fdd8080 000000000231f478
0x000000000231f350:   0000000000000000 0000000057280a46
0x000000000231f360:   00000000023ae270 0000000000000004
0x000000000231f370:   0000000000000024 00000000023aeb30
0x000000000231f380:   0000000000000024 0000000000000090
0x000000000231f390:   0000000000000000 0000000000000000
0x000000000231f3a0:   000000001bb42f00 00000000023e3800
0x000000000231f3b0:   00000000024e835d 00000000024f7e06 

Instructions: (pc=0x00000000575c1257)
0x00000000575c1237:   89 6c 24 60 e8 d0 74 e9 ff 41 81 ff 05 14 00 00
0x00000000575c1247:   75 20 48 8b 9c 24 d0 00 00 00 8d 47 ff 4c 63 e8
0x00000000575c1257:   8b 0b 42 8b 04 ab 3b c8 8b f0 0f 47 f1 0f 42 c1
0x00000000575c1267:   eb 6e 41 81 ff 03 14 00 00 75 2c 48 8b 9c 24 d0 


Register to memory mapping:

RAX=0x0000000000000023 is an unknown value
RBX=0x0000000000000000 is an unknown value
RCX=0x0000aa3d6d2f880a is an unknown value
RDX=0x0000009b236e7482 is an unknown value
RSP=0x000000000231f2c0 is pointing into the stack for thread: 0x00000000023e3800
RBP=0x000000001fdd8080 is an unknown value
RSI=0x0000000000000024 is an unknown value
RDI=0x0000000000000024 is an unknown value
R8 =0x0000000000007537 is an unknown value
R9 =0x0000000000000000 is an unknown value
R10=0x0000000000000006 is an unknown value
R11=0x0000000058fdbd80 is an unknown value
R12=0x0000000000000000 is an unknown value
R13=0x0000000000000023 is an unknown value
R14=0x0000000000000000 is an unknown value
R15=0x0000000000001405 is an unknown value


Stack: [0x0000000002220000,0x0000000002320000],  sp=0x000000000231f2c0,  free space=1020k
Native frames: (J=compiled Java code, j=interpreted, Vv=VM code, C=native code)
C  [nvoglv64.DLL+0xb81257]
C  [nvoglv64.DLL+0x840a46]
C  0x00000000024f7f74

Java frames: (J=compiled Java code, j=interpreted, Vv=VM code)
j  org.lwjgl.opengl.GL11.nglDrawElements(IIIJ)V+0
j  org.lwjgl.opengl.GL11.glDrawElements(IIIJ)V+4
j  client.renderers.EntityRenderer.render(Lclient/entities/Camera;Ljava/util/List;Ljava/util/Map;)V+126
j  client.renderers.RenderManager.render(Lclient/main/Scene;)V+93
j  client.main.GameClient.loop()V+57
j  client.main.GameClient.<init>(Lclient/network/GameServerData;)V+166
j  client.main.MainGameClient.main([Ljava/lang/String;)V+85
v  ~StubRoutines::call_stub

---------------  P R O C E S S  ---------------

Java Threads: ( => current thread )
  0x0000000029d6c800 JavaThread "Java2D Disposer" daemon [_thread_blocked, id=11228, stack(0x000000002b830000,0x000000002b930000)]
  0x000000001df19000 JavaThread "Service Thread" daemon [_thread_blocked, id=11472, stack(0x000000001ea40000,0x000000001eb40000)]
  0x000000001de89000 JavaThread "C1 CompilerThread3" daemon [_thread_blocked, id=14852, stack(0x000000001e940000,0x000000001ea40000)]
  0x000000001de81800 JavaThread "C2 CompilerThread2" daemon [_thread_blocked, id=9580, stack(0x000000001e840000,0x000000001e940000)]
  0x000000001de7e800 JavaThread "C2 CompilerThread1" daemon [_thread_blocked, id=15536, stack(0x000000001e740000,0x000000001e840000)]
  0x000000001bf8e000 JavaThread "C2 CompilerThread0" daemon [_thread_blocked, id=4288, stack(0x000000001e640000,0x000000001e740000)]
  0x000000001bf8d000 JavaThread "Attach Listener" daemon [_thread_blocked, id=7584, stack(0x000000001e540000,0x000000001e640000)]
  0x000000001bf8c000 JavaThread "Signal Dispatcher" daemon [_thread_blocked, id=3544, stack(0x000000001e440000,0x000000001e540000)]
  0x000000001de70800 JavaThread "Finalizer" daemon [_thread_blocked, id=15456, stack(0x000000001e250000,0x000000001e350000)]
  0x00000000024d9000 JavaThread "Reference Handler" daemon [_thread_blocked, id=11428, stack(0x000000001dd50000,0x000000001de50000)]
=>0x00000000023e3800 JavaThread "main" [_thread_in_native, id=10228, stack(0x0000000002220000,0x0000000002320000)]

Other Threads:
  0x000000001bf7a000 VMThread [stack: 0x000000001dc50000,0x000000001dd50000] [id=8320]
  0x000000001df3c800 WatcherThread [stack: 0x000000001eb40000,0x000000001ec40000] [id=9600]

VM state:not at safepoint (normal execution)

VM Mutex/Monitor currently owned by a thread: None

Heap:
 PSYoungGen      total 141824K, used 64360K [0x000000076af80000, 0x0000000774480000, 0x00000007c0000000)
  eden space 131072K, 44% used [0x000000076af80000,0x000000076e875bc0,0x0000000772f80000)
  from space 10752K, 56% used [0x0000000773a00000,0x0000000773fe4468,0x0000000774480000)
  to   space 10752K, 0% used [0x0000000772f80000,0x0000000772f80000,0x0000000773a00000)
 ParOldGen       total 175104K, used 3184K [0x00000006c0e00000, 0x00000006cb900000, 0x000000076af80000)
  object space 175104K, 1% used [0x00000006c0e00000,0x00000006c111c000,0x00000006cb900000)
 Metaspace       used 11970K, capacity 12209K, committed 12544K, reserved 1060864K
  class space    used 1075K, capacity 1164K, committed 1280K, reserved 1048576K

Card table byte_map: [0x00000000118a0000,0x00000000120a0000] byte_map_base: 0x000000000e299000

Marking Bits: (ParMarkBitMap*) 0x00000000595cc720
 Begin Bits: [0x0000000012e00000, 0x0000000016dc8000)
 End Bits:   [0x0000000016dc8000, 0x000000001ad90000)

Polling page: 0x0000000000980000

CodeCache: size=245760Kb used=4147Kb max_used=4161Kb free=241612Kb
 bounds [0x00000000024e0000, 0x0000000002900000, 0x00000000114e0000]
 total_blobs=1942 nmethods=1025 adapters=830
 compilation: enabled

Compilation events (10 events):
Event: 1.218 Thread 0x000000001de89000 1020       1       java.lang.reflect.Field::getName (5 bytes)
Event: 1.218 Thread 0x000000001de89000 nmethod 1020 0x00000000028ea010 code [0x00000000028ea160, 0x00000000028ea270]
Event: 1.222 Thread 0x000000001de89000 1021       3       java.lang.Integer::stringSize (21 bytes)
Event: 1.223 Thread 0x000000001de89000 nmethod 1021 0x00000000028ea790 code [0x00000000028ea900, 0x00000000028eab10]
Event: 1.223 Thread 0x000000001de89000 1022       3       java.lang.Integer::getChars (131 bytes)
Event: 1.223 Thread 0x000000001de89000 nmethod 1022 0x00000000028eac10 code [0x00000000028eada0, 0x00000000028eb210]
Event: 1.223 Thread 0x000000001de89000 1023       3       java.lang.AbstractStringBuilder::append (62 bytes)
Event: 1.223 Thread 0x000000001de89000 nmethod 1023 0x00000000028eb650 code [0x00000000028eb840, 0x00000000028ec178]
Event: 1.230 Thread 0x000000001de7e800 1025       4       sun.net.www.ParseUtil::encodePath (336 bytes)
Event: 1.236 Thread 0x000000001de7e800 nmethod 1025 0x00000000028f1150 code [0x00000000028f1300, 0x00000000028f1df8]

GC Heap History (8 events):
Event: 0.601 GC heap before
{Heap before GC invocations=1 (full 0):
 PSYoungGen      total 76288K, used 65536K [0x000000076af80000, 0x0000000770480000, 0x00000007c0000000)
  eden space 65536K, 100% used [0x000000076af80000,0x000000076ef80000,0x000000076ef80000)
  from space 10752K, 0% used [0x000000076fa00000,0x000000076fa00000,0x0000000770480000)
  to   space 10752K, 0% used [0x000000076ef80000,0x000000076ef80000,0x000000076fa00000)
 ParOldGen       total 175104K, used 0K [0x00000006c0e00000, 0x00000006cb900000, 0x000000076af80000)
  object space 175104K, 0% used [0x00000006c0e00000,0x00000006c0e00000,0x00000006cb900000)
 Metaspace       used 9188K, capacity 9419K, committed 9728K, reserved 1058816K
  class space    used 835K, capacity 937K, committed 1024K, reserved 1048576K
Event: 0.604 GC heap after
Heap after GC invocations=1 (full 0):
 PSYoungGen      total 76288K, used 8058K [0x000000076af80000, 0x0000000770480000, 0x00000007c0000000)
  eden space 65536K, 0% used [0x000000076af80000,0x000000076af80000,0x000000076ef80000)
  from space 10752K, 74% used [0x000000076ef80000,0x000000076f75ea80,0x000000076fa00000)
  to   space 10752K, 0% used [0x000000076fa00000,0x000000076fa00000,0x0000000770480000)
 ParOldGen       total 175104K, used 16K [0x00000006c0e00000, 0x00000006cb900000, 0x000000076af80000)
  object space 175104K, 0% used [0x00000006c0e00000,0x00000006c0e04000,0x00000006cb900000)
 Metaspace       used 9188K, capacity 9419K, committed 9728K, reserved 1058816K
  class space    used 835K, capacity 937K, committed 1024K, reserved 1048576K
}
Event: 0.650 GC heap before
{Heap before GC invocations=2 (full 0):
 PSYoungGen      total 76288K, used 73594K [0x000000076af80000, 0x0000000770480000, 0x00000007c0000000)
  eden space 65536K, 100% used [0x000000076af80000,0x000000076ef80000,0x000000076ef80000)
  from space 10752K, 74% used [0x000000076ef80000,0x000000076f75ea80,0x000000076fa00000)
  to   space 10752K, 0% used [0x000000076fa00000,0x000000076fa00000,0x0000000770480000)
 ParOldGen       total 175104K, used 16K [0x00000006c0e00000, 0x00000006cb900000, 0x000000076af80000)
  object space 175104K, 0% used [0x00000006c0e00000,0x00000006c0e04000,0x00000006cb900000)
 Metaspace       used 9215K, capacity 9419K, committed 9728K, reserved 1058816K
  class space    used 836K, capacity 937K, committed 1024K, reserved 1048576K
Event: 0.654 GC heap after
Heap after GC invocations=2 (full 0):
 PSYoungGen      total 76288K, used 9457K [0x000000076af80000, 0x0000000774480000, 0x00000007c0000000)
  eden space 65536K, 0% used [0x000000076af80000,0x000000076af80000,0x000000076ef80000)
  from space 10752K, 87% used [0x000000076fa00000,0x000000077033c730,0x0000000770480000)
  to   space 10752K, 0% used [0x000000076ef80000,0x000000076ef80000,0x000000076fa00000)
 ParOldGen       total 175104K, used 24K [0x00000006c0e00000, 0x00000006cb900000, 0x000000076af80000)
  object space 175104K, 0% used [0x00000006c0e00000,0x00000006c0e06000,0x00000006cb900000)
 Metaspace       used 9215K, capacity 9419K, committed 9728K, reserved 1058816K
  class space    used 836K, capacity 937K, committed 1024K, reserved 1048576K
}
Event: 0.688 GC heap before
{Heap before GC invocations=3 (full 0):
 PSYoungGen      total 76288K, used 74993K [0x000000076af80000, 0x0000000774480000, 0x00000007c0000000)
  eden space 65536K, 100% used [0x000000076af80000,0x000000076ef80000,0x000000076ef80000)
  from space 10752K, 87% used [0x000000076fa00000,0x000000077033c730,0x0000000770480000)
  to   space 10752K, 0% used [0x000000076ef80000,0x000000076ef80000,0x000000076fa00000)
 ParOldGen       total 175104K, used 24K [0x00000006c0e00000, 0x00000006cb900000, 0x000000076af80000)
  object space 175104K, 0% used [0x00000006c0e00000,0x00000006c0e06000,0x00000006cb900000)
 Metaspace       used 9215K, capacity 9419K, committed 9728K, reserved 1058816K
  class space    used 836K, capacity 937K, committed 1024K, reserved 1048576K
Event: 0.695 GC heap after
Heap after GC invocations=3 (full 0):
 PSYoungGen      total 76288K, used 10737K [0x000000076af80000, 0x0000000774480000, 0x00000007c0000000)
  eden space 65536K, 0% used [0x000000076af80000,0x000000076af80000,0x000000076ef80000)
  from space 10752K, 99% used [0x000000076ef80000,0x000000076f9fc490,0x000000076fa00000)
  to   space 10752K, 0% used [0x0000000773a00000,0x0000000773a00000,0x0000000774480000)
 ParOldGen       total 175104K, used 3176K [0x00000006c0e00000, 0x00000006cb900000, 0x000000076af80000)
  object space 175104K, 1% used [0x00000006c0e00000,0x00000006c111a000,0x00000006cb900000)
 Metaspace       used 9215K, capacity 9419K, committed 9728K, reserved 1058816K
  class space    used 836K, capacity 937K, committed 1024K, reserved 1048576K
}
Event: 0.805 GC heap before
{Heap before GC invocations=4 (full 0):
 PSYoungGen      total 76288K, used 76273K [0x000000076af80000, 0x0000000774480000, 0x00000007c0000000)
  eden space 65536K, 100% used [0x000000076af80000,0x000000076ef80000,0x000000076ef80000)
  from space 10752K, 99% used [0x000000076ef80000,0x000000076f9fc490,0x000000076fa00000)
  to   space 10752K, 0% used [0x0000000773a00000,0x0000000773a00000,0x0000000774480000)
 ParOldGen       total 175104K, used 3176K [0x00000006c0e00000, 0x00000006cb900000, 0x000000076af80000)
  object space 175104K, 1% used [0x00000006c0e00000,0x00000006c111a000,0x00000006cb900000)
 Metaspace       used 10638K, capacity 10863K, committed 11136K, reserved 1058816K
  class space    used 1002K, capacity 1099K, committed 1152K, reserved 1048576K
Event: 0.809 GC heap after
Heap after GC invocations=4 (full 0):
 PSYoungGen      total 141824K, used 6033K [0x000000076af80000, 0x0000000774480000, 0x00000007c0000000)
  eden space 131072K, 0% used [0x000000076af80000,0x000000076af80000,0x0000000772f80000)
  from space 10752K, 56% used [0x0000000773a00000,0x0000000773fe4468,0x0000000774480000)
  to   space 10752K, 0% used [0x0000000772f80000,0x0000000772f80000,0x0000000773a00000)
 ParOldGen       total 175104K, used 3184K [0x00000006c0e00000, 0x00000006cb900000, 0x000000076af80000)
  object space 175104K, 1% used [0x00000006c0e00000,0x00000006c111c000,0x00000006cb900000)
 Metaspace       used 10638K, capacity 10863K, committed 11136K, reserved 1058816K
  class space    used 1002K, capacity 1099K, committed 1152K, reserved 1048576K
}

Deoptimization events (10 events):
Event: 0.756 Thread 0x00000000023e3800 Uncommon trap: reason=unstable_if action=reinterpret pc=0x000000000283f464 method=utilities.OBJFileLoader.convertIndicesListToArray(Ljava/util/List;)[I @ 36
Event: 0.768 Thread 0x00000000023e3800 Uncommon trap: reason=unstable_if action=reinterpret pc=0x0000000002840e5c method=java.util.ArrayList$Itr.hasNext()Z @ 11
Event: 0.772 Thread 0x00000000023e3800 Uncommon trap: reason=unstable_if action=reinterpret pc=0x0000000002689300 method=java.lang.String.indexOf([CII[CIII)I @ 3
Event: 0.772 Thread 0x00000000023e3800 Uncommon trap: reason=unstable_if action=reinterpret pc=0x00000000027f3c00 method=java.util.Arrays.copyOf([Ljava/lang/Object;ILjava/lang/Class;)[Ljava/lang/Object; @ 3
Event: 0.809 Thread 0x00000000023e3800 Uncommon trap: reason=unstable_if action=reinterpret pc=0x000000000284a14c method=java.util.ArrayList$Itr.hasNext()Z @ 11
Event: 0.809 Thread 0x00000000023e3800 Uncommon trap: reason=unstable_if action=reinterpret pc=0x000000000284ce44 method=utilities.OBJFileLoader.convertDataToArrays(Ljava/util/List;Ljava/util/List;Ljava/util/List;[F[F[F)F @ 195
Event: 0.809 Thread 0x00000000023e3800 Uncommon trap: reason=unstable_if action=reinterpret pc=0x000000000283def0 method=utilities.OBJFileLoader.convertIndicesListToArray(Ljava/util/List;)[I @ 36
Event: 0.904 Thread 0x00000000023e3800 Uncommon trap: reason=unstable_if action=reinterpret pc=0x00000000028b41fc method=java.awt.image.BufferedImage.getRGB(IIII[III)[I @ 163
Event: 0.904 Thread 0x00000000023e3800 Uncommon trap: reason=unstable_if action=reinterpret pc=0x000000000289cda8 method=utilities.Loader.loadTexture(Ljava/lang/String;II)Lclient/models/Texture; @ 197
Event: 1.121 Thread 0x00000000023e3800 Uncommon trap: reason=unstable_if action=reinterpret pc=0x00000000028ac1b8 method=java.nio.Bits.copyFromArray(Ljava/lang/Object;JJJJ)V @ 18

Internal exceptions (10 events):
Event: 0.084 Thread 0x00000000023e3800 Exception <a 'java/lang/NoSuchMethodError': java.lang.Object.lambda$static$0(Ljava/lang/String;)Ljava/lang/Boolean;> (0x000000076b2a5538) thrown at [C:\re\workspace\8-2-build-windows-amd64-cygwin\jdk8u131\8869\hotspot\src\share\vm\interpreter\linkResolver
Event: 0.092 Thread 0x00000000023e3800 Exception <a 'java/lang/NoSuchFieldError': method resolution failed> (0x000000076b31d5c8) thrown at [C:\re\workspace\8-2-build-windows-amd64-cygwin\jdk8u131\8869\hotspot\src\share\vm\prims\methodHandles.cpp, line 1146]
Event: 0.092 Thread 0x00000000023e3800 Exception <a 'java/lang/NoSuchFieldError': method resolution failed> (0x000000076b32a9c8) thrown at [C:\re\workspace\8-2-build-windows-amd64-cygwin\jdk8u131\8869\hotspot\src\share\vm\prims\methodHandles.cpp, line 1146]
Event: 0.117 Thread 0x00000000023e3800 Exception <a 'java/security/PrivilegedActionException'> (0x000000076b46de80) thrown at [C:\re\workspace\8-2-build-windows-amd64-cygwin\jdk8u131\8869\hotspot\src\share\vm\prims\jvm.cpp, line 1390]
Event: 0.117 Thread 0x00000000023e3800 Exception <a 'java/security/PrivilegedActionException'> (0x000000076b46e090) thrown at [C:\re\workspace\8-2-build-windows-amd64-cygwin\jdk8u131\8869\hotspot\src\share\vm\prims\jvm.cpp, line 1390]
Event: 0.117 Thread 0x00000000023e3800 Exception <a 'java/security/PrivilegedActionException'> (0x000000076b471d00) thrown at [C:\re\workspace\8-2-build-windows-amd64-cygwin\jdk8u131\8869\hotspot\src\share\vm\prims\jvm.cpp, line 1390]
Event: 0.117 Thread 0x00000000023e3800 Exception <a 'java/security/PrivilegedActionException'> (0x000000076b471f10) thrown at [C:\re\workspace\8-2-build-windows-amd64-cygwin\jdk8u131\8869\hotspot\src\share\vm\prims\jvm.cpp, line 1390]
Event: 0.393 Thread 0x00000000023e3800 Exception <a 'sun/nio/fs/WindowsException'> (0x000000076b802c88) thrown at [C:\re\workspace\8-2-build-windows-amd64-cygwin\jdk8u131\8869\hotspot\src\share\vm\prims\jni.cpp, line 709]
Event: 0.394 Thread 0x00000000023e3800 Exception <a 'sun/nio/fs/WindowsException'> (0x000000076b803470) thrown at [C:\re\workspace\8-2-build-windows-amd64-cygwin\jdk8u131\8869\hotspot\src\share\vm\prims\jni.cpp, line 709]
Event: 0.766 Thread 0x00000000023e3800 Exception <a 'java/io/FileNotFoundException'> (0x000000076e82e218) thrown at [C:\re\workspace\8-2-build-windows-amd64-cygwin\jdk8u131\8869\hotspot\src\share\vm\prims\jni.cpp, line 709]

Events (10 events):
Event: 1.233 loading class org/joml/Vector2i
Event: 1.233 loading class org/joml/Vector2i done
Event: 1.233 loading class org/joml/Vector2ic
Event: 1.233 loading class org/joml/Vector2ic done
Event: 1.234 loading class org/joml/Quaternionf
Event: 1.234 loading class org/joml/Quaternionf done
Event: 1.234 loading class org/joml/Quaternionfc
Event: 1.234 loading class org/joml/Quaternionfc done
Event: 1.236 loading class utilities/MatrixUtils
Event: 1.236 loading class utilities/MatrixUtils done


Dynamic libraries:
0x00007ff742d90000 - 0x00007ff742dc7000 	C:\Program Files\Java\jre1.8.0_131\bin\javaw.exe
0x00007ffd1fd90000 - 0x00007ffd1ff6b000 	C:\WINDOWS\SYSTEM32\ntdll.dll
0x00007ffd1ece0000 - 0x00007ffd1ed8e000 	C:\WINDOWS\System32\KERNEL32.DLL
0x00007ffd1c890000 - 0x00007ffd1cad9000 	C:\WINDOWS\System32\KERNELBASE.dll
0x00007ffd19ec0000 - 0x00007ffd19f3e000 	C:\WINDOWS\SYSTEM32\apphelp.dll
0x00007ffd1eda0000 - 0x00007ffd1ee41000 	C:\WINDOWS\System32\ADVAPI32.dll
0x00007ffd1d750000 - 0x00007ffd1d7ed000 	C:\WINDOWS\System32\msvcrt.dll
0x00007ffd1f550000 - 0x00007ffd1f5a9000 	C:\WINDOWS\System32\sechost.dll
0x00007ffd1ee50000 - 0x00007ffd1ef75000 	C:\WINDOWS\System32\RPCRT4.dll
0x00007ffd1d600000 - 0x00007ffd1d74a000 	C:\WINDOWS\System32\USER32.dll
0x00007ffd1c870000 - 0x00007ffd1c88e000 	C:\WINDOWS\System32\win32u.dll
0x00007ffd1fd60000 - 0x00007ffd1fd87000 	C:\WINDOWS\System32\GDI32.dll
0x00007ffd1c690000 - 0x00007ffd1c817000 	C:\WINDOWS\System32\gdi32full.dll
0x00007ffd1c5f0000 - 0x00007ffd1c68a000 	C:\WINDOWS\System32\msvcp_win.dll
0x00007ffd1c4f0000 - 0x00007ffd1c5e6000 	C:\WINDOWS\System32\ucrtbase.dll
0x00007ffd0ec90000 - 0x00007ffd0eef7000 	C:\WINDOWS\WinSxS\amd64_microsoft.windows.common-controls_6595b64144ccf1df_6.0.15063.483_none_26002d27e7c744a2\COMCTL32.dll
0x00007ffd1f5b0000 - 0x00007ffd1f8a9000 	C:\WINDOWS\System32\combase.dll
0x00007ffd1c2b0000 - 0x00007ffd1c31a000 	C:\WINDOWS\System32\bcryptPrimitives.dll
0x00007ffd1f520000 - 0x00007ffd1f54d000 	C:\WINDOWS\System32\IMM32.DLL
0x0000000059650000 - 0x0000000059722000 	C:\Program Files\Java\jre1.8.0_131\bin\msvcr100.dll
0x0000000058db0000 - 0x000000005964c000 	C:\Program Files\Java\jre1.8.0_131\bin\server\jvm.dll
0x00007ffd1d810000 - 0x00007ffd1d818000 	C:\WINDOWS\System32\PSAPI.DLL
0x00007ffd0d2a0000 - 0x00007ffd0d2a9000 	C:\WINDOWS\SYSTEM32\WSOCK32.dll
0x00007ffd19de0000 - 0x00007ffd19e03000 	C:\WINDOWS\SYSTEM32\WINMM.dll
0x00007ffd1a710000 - 0x00007ffd1a71a000 	C:\WINDOWS\SYSTEM32\VERSION.dll
0x00007ffd1f8b0000 - 0x00007ffd1f91c000 	C:\WINDOWS\System32\WS2_32.dll
0x00007ffd19c70000 - 0x00007ffd19c9b000 	C:\WINDOWS\SYSTEM32\WINMMBASE.dll
0x00007ffd1c820000 - 0x00007ffd1c869000 	C:\WINDOWS\System32\cfgmgr32.dll
0x0000000058da0000 - 0x0000000058daf000 	C:\Program Files\Java\jre1.8.0_131\bin\verify.dll
0x0000000058d70000 - 0x0000000058d99000 	C:\Program Files\Java\jre1.8.0_131\bin\java.dll
0x0000000058d50000 - 0x0000000058d66000 	C:\Program Files\Java\jre1.8.0_131\bin\zip.dll
0x00007ffd1d820000 - 0x00007ffd1ec57000 	C:\WINDOWS\System32\SHELL32.dll
0x00007ffd1d350000 - 0x00007ffd1d3fa000 	C:\WINDOWS\System32\shcore.dll
0x00007ffd1cae0000 - 0x00007ffd1d1d1000 	C:\WINDOWS\System32\windows.storage.dll
0x00007ffd1f400000 - 0x00007ffd1f451000 	C:\WINDOWS\System32\shlwapi.dll
0x00007ffd1c290000 - 0x00007ffd1c2a1000 	C:\WINDOWS\System32\kernel.appcore.dll
0x00007ffd1c200000 - 0x00007ffd1c24c000 	C:\WINDOWS\System32\powrprof.dll
0x00007ffd1c270000 - 0x00007ffd1c285000 	C:\WINDOWS\System32\profapi.dll
0x0000000058d30000 - 0x0000000058d4a000 	C:\Program Files\Java\jre1.8.0_131\bin\net.dll
0x00007ffd1b7e0000 - 0x00007ffd1b83c000 	C:\WINDOWS\system32\mswsock.dll
0x00007ffd09b60000 - 0x00007ffd09b76000 	C:\WINDOWS\system32\napinsp.dll
0x00007ffd07230000 - 0x00007ffd0724a000 	C:\WINDOWS\system32\pnrpnsp.dll
0x00007ffd19720000 - 0x00007ffd19738000 	C:\WINDOWS\system32\NLAapi.dll
0x00007ffd1b5c0000 - 0x00007ffd1b664000 	C:\WINDOWS\SYSTEM32\DNSAPI.dll
0x00007ffd1f0d0000 - 0x00007ffd1f0d8000 	C:\WINDOWS\System32\NSI.dll
0x00007ffd1b580000 - 0x00007ffd1b5b7000 	C:\WINDOWS\SYSTEM32\IPHLPAPI.DLL
0x00007ffd09b80000 - 0x00007ffd09b8e000 	C:\WINDOWS\System32\winrnr.dll
0x00007ffd0efa0000 - 0x00007ffd0efaa000 	C:\Windows\System32\rasadhlp.dll
0x00007ffd1adf0000 - 0x00007ffd1ae5b000 	C:\WINDOWS\System32\fwpuclnt.dll
0x00007ffd1bc10000 - 0x00007ffd1bc35000 	C:\WINDOWS\SYSTEM32\bcrypt.dll
0x0000000058d10000 - 0x0000000058d21000 	C:\Program Files\Java\jre1.8.0_131\bin\nio.dll
0x00007ffcfbf00000 - 0x00007ffcfbf57000 	C:\Users\Haxic\AppData\Local\Temp\lwjglHaxic\3.1.2-build-29\lwjgl.dll
0x00007ffcfe990000 - 0x00007ffcfe9cd000 	C:\Users\Haxic\AppData\Local\Temp\lwjglHaxic\3.1.2-build-29\glfw.dll
0x00007ffd1a090000 - 0x00007ffd1a125000 	C:\WINDOWS\system32\uxtheme.dll
0x00007ffcfc780000 - 0x00007ffcfc7c2000 	C:\WINDOWS\SYSTEM32\dinput8.dll
0x00007ffd0f870000 - 0x00007ffd0f87e000 	C:\WINDOWS\SYSTEM32\xinput1_4.dll
0x00007ffd1a220000 - 0x00007ffd1a248000 	C:\WINDOWS\SYSTEM32\DEVOBJ.dll
0x00007ffd188d0000 - 0x00007ffd188fa000 	C:\WINDOWS\SYSTEM32\dwmapi.dll
0x00007ffd1f0e0000 - 0x00007ffd1f246000 	C:\WINDOWS\System32\MSCTF.dll
0x00007ffd1f460000 - 0x00007ffd1f520000 	C:\WINDOWS\System32\OLEAUT32.dll
0x00007ffd1a6d0000 - 0x00007ffd1a6dd000 	C:\WINDOWS\SYSTEM32\HID.DLL
0x00007ffd1f920000 - 0x00007ffd1fd5b000 	C:\WINDOWS\System32\SETUPAPI.DLL
0x00007ffd1d1e0000 - 0x00007ffd1d236000 	C:\WINDOWS\System32\WINTRUST.dll
0x00007ffd1c250000 - 0x00007ffd1c261000 	C:\WINDOWS\System32\MSASN1.dll
0x00007ffd1c320000 - 0x00007ffd1c4e9000 	C:\WINDOWS\System32\CRYPT32.dll
0x00007ffcfaf00000 - 0x00007ffcfb021000 	C:\WINDOWS\SYSTEM32\opengl32.dll
0x00007ffd05840000 - 0x00007ffd0586c000 	C:\WINDOWS\SYSTEM32\GLU32.dll
0x0000000056a40000 - 0x0000000058d07000 	C:\WINDOWS\SYSTEM32\nvoglv64.DLL
0x00007ffd1ef80000 - 0x00007ffd1f0c5000 	C:\WINDOWS\System32\ole32.dll
0x00007ffd18460000 - 0x00007ffd18473000 	C:\WINDOWS\SYSTEM32\WTSAPI32.dll
0x00007ffd1b0b0000 - 0x00007ffd1b0e1000 	C:\WINDOWS\SYSTEM32\ntmarta.dll
0x00007ffd10670000 - 0x00007ffd1082d000 	C:\WINDOWS\system32\nvspcap64.dll
0x00007ffd1b150000 - 0x00007ffd1b1a5000 	C:\WINDOWS\SYSTEM32\WINSTA.dll
0x00007ffd15b90000 - 0x00007ffd15c12000 	C:\WINDOWS\System32\TextInputFramework.dll
0x00007ffd17200000 - 0x00007ffd174d2000 	C:\WINDOWS\System32\CoreUIComponents.dll
0x00007ffd19630000 - 0x00007ffd19713000 	C:\WINDOWS\System32\CoreMessaging.dll
0x00007ffd17980000 - 0x00007ffd17ab9000 	C:\WINDOWS\SYSTEM32\wintypes.dll
0x00007ffd18900000 - 0x00007ffd18915000 	C:\WINDOWS\SYSTEM32\usermgrcli.dll
0x00007ffcfcb80000 - 0x00007ffcfcbbc000 	C:\Users\Haxic\AppData\Local\Temp\lwjglHaxic\3.1.2-build-29\jemalloc.dll
0x00007ffcfaea0000 - 0x00007ffcfaefc000 	C:\Users\Haxic\AppData\Local\Temp\lwjglHaxic\3.1.2-build-29\lwjgl_opengl.dll
0x00000000568a0000 - 0x0000000056a38000 	C:\Program Files\Java\jre1.8.0_131\bin\awt.dll
0x00007ffd1bc40000 - 0x00007ffd1bc57000 	C:\WINDOWS\SYSTEM32\CRYPTSP.dll
0x00007ffd1b400000 - 0x00007ffd1b434000 	C:\WINDOWS\system32\rsaenh.dll
0x00007ffd1c130000 - 0x00007ffd1c159000 	C:\WINDOWS\SYSTEM32\USERENV.dll
0x00007ffd1b980000 - 0x00007ffd1b98b000 	C:\WINDOWS\SYSTEM32\CRYPTBASE.dll
0x00007ffd174e0000 - 0x00007ffd174f6000 	C:\WINDOWS\SYSTEM32\dhcpcsvc6.DLL
0x00007ffd176b0000 - 0x00007ffd176ca000 	C:\WINDOWS\SYSTEM32\dhcpcsvc.DLL
0x00007ffd1bc60000 - 0x00007ffd1be09000 	C:\WINDOWS\SYSTEM32\dbghelp.dll

VM Arguments:
jvm_args: -Dfile.encoding=Cp1252 
java_command: client.main.MainGameClient
java_class_path (initial): C:\Users\Haxic\git\Heavy-Space\Heavy Space\bin;C:\Eclipse\eclipse\JOML-1.9.4\joml-1.9.4.jar;C:\Eclipse\eclipse\lwjgl-3.1.2\lwjgl natives\lwjgl.jar;C:\Eclipse\eclipse\lwjgl-3.1.2\lwjgl natives\lwjgl-assimp.jar;C:\Eclipse\eclipse\lwjgl-3.1.2\lwjgl natives\lwjgl-assimp-natives-linux.jar;C:\Eclipse\eclipse\lwjgl-3.1.2\lwjgl natives\lwjgl-assimp-natives-macos.jar;C:\Eclipse\eclipse\lwjgl-3.1.2\lwjgl natives\lwjgl-assimp-natives-windows.jar;C:\Eclipse\eclipse\lwjgl-3.1.2\lwjgl natives\lwjgl-bgfx.jar;C:\Eclipse\eclipse\lwjgl-3.1.2\lwjgl natives\lwjgl-bgfx-natives-linux.jar;C:\Eclipse\eclipse\lwjgl-3.1.2\lwjgl natives\lwjgl-bgfx-natives-macos.jar;C:\Eclipse\eclipse\lwjgl-3.1.2\lwjgl natives\lwjgl-bgfx-natives-windows.jar;C:\Eclipse\eclipse\lwjgl-3.1.2\lwjgl natives\lwjgl-egl.jar;C:\Eclipse\eclipse\lwjgl-3.1.2\lwjgl natives\lwjgl-glfw.jar;C:\Eclipse\eclipse\lwjgl-3.1.2\lwjgl natives\lwjgl-glfw-natives-linux.jar;C:\Eclipse\eclipse\lwjgl-3.1.2\lwjgl natives\lwjgl-glfw-natives-macos.jar;C:\Eclipse\eclipse\lwjgl-3.1.2\lwjgl natives\lwjgl-glfw-natives-windows.jar;C:\Eclipse\eclipse\lwjgl-3.1.2\lwjgl natives\lwjgl-jawt.jar;C:\Eclipse\eclipse\lwjgl-3.1.2\lwjgl natives\lwjgl-jemalloc.jar;C:\Eclipse\eclipse\lwjgl-3.1.2\lwjgl natives\lwjgl-jemalloc-natives-linux.jar;C:\Eclipse\eclipse\lwjgl-3.1.2\lwjgl natives\lwjgl-jemalloc-natives-macos.jar;C:\Eclipse\eclipse\lwjgl-3.1.2\lwjgl natives\lwjgl-jemalloc-natives-windows.jar;C:\Eclipse\eclipse\lwjgl-3.1.2\lwjgl natives\lwjgl-lmdb.jar;C:\Eclipse\eclipse\lwjgl-3.1.2\lwjgl natives\lwjgl-lmdb-natives-linux.jar;C:\Eclipse\eclipse\lwjgl-3.1.2\lwjgl natives\lwjgl-lmdb-natives-macos.jar;C:\Eclipse\eclipse\lwjgl-3.1.2\lwjgl natives\lwjgl-lmdb-natives-windows.jar;C:\Eclipse\eclipse\lwjgl-3.1.2\lwjgl natives\lwjgl-nanovg.jar;C:\Eclipse\eclipse\lwjgl-3.1.2\lwjgl natives\lwjgl-nanovg-natives-linux.jar;C:\Eclipse\eclipse\lwjgl-3.1.2\lwjgl natives\lwjgl-nanovg-natives-macos.jar;C:\Eclipse\eclipse\lwjgl-3.1.2\lwjgl natives\lw
Launcher Type: SUN_STANDARD

Environment Variables:
PATH=C:/Program Files/Java/jre1.8.0_151/bin/server;C:/Program Files/Java/jre1.8.0_151/bin;C:/Program Files/Java/jre1.8.0_151/lib/amd64;C:\ProgramData\Oracle\Java\javapath;C:\Windows\system32;C:\Windows;C:\Windows\System32\Wbem;C:\Windows\System32\WindowsPowerShell\v1.0\;C:\Program Files (x86)\Skype\Phone\;C:\Program Files (x86)\NVIDIA Corporation\PhysX\Common;C:\WINDOWS\system32;C:\WINDOWS;C:\WINDOWS\System32\Wbem;C:\WINDOWS\System32\WindowsPowerShell\v1.0\;C:\Program Files (x86)\sbt\bin;C:\Program Files\PostgreSQL\10\bin;C:\Users\Haxic\AppData\Local\Microsoft\WindowsApps;C:\Program Files\Heroku\bin;C:\eclipse;
USERNAME=Haxic
OS=Windows_NT
PROCESSOR_IDENTIFIER=Intel64 Family 6 Model 94 Stepping 3, GenuineIntel



---------------  S Y S T E M  ---------------

OS: Windows 10.0 , 64 bit Build 15063 (10.0.15063.296)

CPU:total 8 (initial active 8) (4 cores per cpu, 2 threads per core) family 6 model 94 stepping 3, cmov, cx8, fxsr, mmx, sse, sse2, sse3, ssse3, sse4.1, sse4.2, popcnt, avx, avx2, aes, clmul, erms, rtm, 3dnowpref, lzcnt, ht, tsc, tscinvbit, bmi1, bmi2, adx

Memory: 4k page, physical 16714520k(9685432k free), swap 19204888k(4651932k free)

vm_info: Java HotSpot(TM) 64-Bit Server VM (25.131-b11) for windows-amd64 JRE (1.8.0_131-b11), built on Mar 15 2017 01:23:53 by "java_re" with MS VC++ 10.0 (VS2010)

time: Mon Dec 04 10:11:01 2017
elapsed time: 1 seconds (0d 0h 0m 1s)

